[debug] [2021-12-18T10:09:32.503Z] ----------------------------------------------------------------------
[debug] [2021-12-18T10:09:32.509Z] Command:       G:\nodeJS\node.exe C:\Users\Monjul\AppData\Roaming\npm\node_modules\firebase-tools\lib\bin\firebase.js login
[debug] [2021-12-18T10:09:32.510Z] CLI Version:   9.23.3
[debug] [2021-12-18T10:09:32.510Z] Platform:      win32
[debug] [2021-12-18T10:09:32.510Z] Node Version:  v14.17.1
[debug] [2021-12-18T10:09:32.513Z] Time:          Sat Dec 18 2021 15:39:32 GMT+0530 (India Standard Time)
[debug] [2021-12-18T10:09:32.513Z] ----------------------------------------------------------------------
[debug] 
[info] i  Firebase optionally collects CLI usage and error reporting information to help improve our products. Data is collected in accordance with Google's privacy policy (https://policies.google.com/privacy) and is not used to identify you.
 
[info] i  To change your data collection preference at any time, run `firebase logout` and log in again. 
[info] 
[info] Visit this URL on this device to log in:
[info] https://accounts.google.com/o/oauth2/auth?client_id=563584335869-fgrhgmd47bqnekij5i8b5pr03ho849e6.apps.googleusercontent.com&scope=email%20openid%20https%3A%2F%2Fwww.googleapis.com%2Fauth%2Fcloudplatformprojects.readonly%20https%3A%2F%2Fwww.googleapis.com%2Fauth%2Ffirebase%20https%3A%2F%2Fwww.googleapis.com%2Fauth%2Fcloud-platform&response_type=code&state=27266462&redirect_uri=http%3A%2F%2Flocalhost%3A9005
[info] 
[info] Waiting for authentication...
[debug] [2021-12-18T10:09:39.931Z] Error: spawn cmd ENOENT
    at Process.ChildProcess._handle.onexit (internal/child_process.js:269:19)
    at onErrorNT (internal/child_process.js:467:16)
    at processTicksAndRejections (internal/process/task_queues.js:82:21)
[error] 
[error] Error: An unexpected error has occurred.
[debug] [2021-12-18T10:09:51.231Z] ----------------------------------------------------------------------
[debug] [2021-12-18T10:09:51.241Z] Command:       G:\nodeJS\node.exe C:\Users\Monjul\AppData\Roaming\npm\node_modules\firebase-tools\lib\bin\firebase.js login
[debug] [2021-12-18T10:09:51.243Z] CLI Version:   9.23.3
[debug] [2021-12-18T10:09:51.243Z] Platform:      win32
[debug] [2021-12-18T10:09:51.244Z] Node Version:  v14.17.1
[debug] [2021-12-18T10:09:51.248Z] Time:          Sat Dec 18 2021 15:39:51 GMT+0530 (India Standard Time)
[debug] [2021-12-18T10:09:51.249Z] ----------------------------------------------------------------------
[debug] 
[info] i  Firebase optionally collects CLI usage and error reporting information to help improve our products. Data is collected in accordance with Google's privacy policy (https://policies.google.com/privacy) and is not used to identify you.
 
[info] i  To change your data collection preference at any time, run `firebase logout` and log in again. 
[info] 
[info] Visit this URL on this device to log in:
[info] https://accounts.google.com/o/oauth2/auth?client_id=563584335869-fgrhgmd47bqnekij5i8b5pr03ho849e6.apps.googleusercontent.com&scope=email%20openid%20https%3A%2F%2Fwww.googleapis.com%2Fauth%2Fcloudplatformprojects.readonly%20https%3A%2F%2Fwww.googleapis.com%2Fauth%2Ffirebase%20https%3A%2F%2Fwww.googleapis.com%2Fauth%2Fcloud-platform&response_type=code&state=230400767&redirect_uri=http%3A%2F%2Flocalhost%3A9005
[info] 
[info] Waiting for authentication...
[debug] [2021-12-18T10:09:56.728Z] Error: spawn cmd ENOENT
    at Process.ChildProcess._handle.onexit (internal/child_process.js:269:19)
    at onErrorNT (internal/child_process.js:467:16)
    at processTicksAndRejections (internal/process/task_queues.js:82:21)
[error] 
[error] Error: An unexpected error has occurred.
[debug] [2021-12-19T12:57:44.299Z] ----------------------------------------------------------------------
[debug] [2021-12-19T12:57:44.310Z] Command:       G:\nodeJS\node.exe C:\Users\Monjul\AppData\Roaming\npm\node_modules\firebase-tools\lib\bin\firebase.js login
[debug] [2021-12-19T12:57:44.312Z] CLI Version:   9.23.3
[debug] [2021-12-19T12:57:44.313Z] Platform:      win32
[debug] [2021-12-19T12:57:44.313Z] Node Version:  v14.17.1
[debug] [2021-12-19T12:57:44.366Z] Time:          Sun Dec 19 2021 18:27:44 GMT+0530 (India Standard Time)
[debug] [2021-12-19T12:57:44.367Z] ----------------------------------------------------------------------
[debug] 
[debug] [2021-12-19T12:57:44.413Z] >>> [apiv2][query] GET https://firebase-public.firebaseio.com/cli.json [none]
[info] i  Firebase optionally collects CLI usage and error reporting information to help improve our products. Data is collected in accordance with Google's privacy policy (https://policies.google.com/privacy) and is not used to identify you.
 
[info] i  To change your data collection preference at any time, run `firebase logout` and log in again. 
[info] 
[info] Visit this URL on this device to log in:
[info] https://accounts.google.com/o/oauth2/auth?client_id=563584335869-fgrhgmd47bqnekij5i8b5pr03ho849e6.apps.googleusercontent.com&scope=email%20openid%20https%3A%2F%2Fwww.googleapis.com%2Fauth%2Fcloudplatformprojects.readonly%20https%3A%2F%2Fwww.googleapis.com%2Fauth%2Ffirebase%20https%3A%2F%2Fwww.googleapis.com%2Fauth%2Fcloud-platform&response_type=code&state=65313420&redirect_uri=http%3A%2F%2Flocalhost%3A9005
[info] 
[info] Waiting for authentication...
[debug] [2021-12-19T12:57:51.445Z] Error: spawn cmd ENOENT
    at Process.ChildProcess._handle.onexit (internal/child_process.js:269:19)
    at onErrorNT (internal/child_process.js:467:16)
    at processTicksAndRejections (internal/process/task_queues.js:82:21)
[error] 
[error] Error: An unexpected error has occurred.
